2023-04-01 22:46:42,088 - __main__ - INFO - Token value: Token not available!
2023-04-01 22:46:42,867 - __main__ - INFO - Weather in Berlin: 3.76
2023-04-01 23:05:01,352 - __main__ - INFO - Token value: 
2023-04-01 23:05:01,781 - __main__ - INFO - Weather in Berlin: 8.61
2023-04-01 23:07:38,718 - __main__ - INFO - Token value: 
2023-04-01 23:07:39,100 - __main__ - INFO - Weather temp in Dublin: 8.61
2023-04-01 23:07:39,116 - __main__ - INFO - Weather description in Dublin: 8.61
2023-04-01 23:08:06,451 - __main__ - INFO - Token value: 
2023-04-01 23:08:06,827 - __main__ - INFO - Weather temp in Dublin: 8.61
2023-04-01 23:08:06,827 - __main__ - INFO - Weather description in Dublin: broken clouds
2023-04-02 12:34:49,945 - __main__ - INFO - Token value: 
2023-04-02 12:34:50,427 - __main__ - INFO - Weather temp in Dublin: 10.41
2023-04-02 12:34:50,427 - __main__ - INFO - Weather description in Dublin: broken clouds
2023-04-02 16:37:07,623 - __main__ - INFO - Token value: 
2023-04-02 16:37:08,573 - __main__ - INFO - Weather temp in Dublin: 11.28
2023-04-02 16:37:08,573 - __main__ - INFO - Weather description in Dublin: broken clouds
2023-04-02 16:38:39,459 - __main__ - INFO - Token value: 
2023-04-02 16:38:44,625 - __main__ - INFO - Weather temp in Dublin: 11.64
2023-04-02 16:38:44,625 - __main__ - INFO - Weather description in Dublin: broken clouds
2023-04-02 16:41:46,574 - __main__ - INFO - Token value: 
2023-04-02 16:41:47,303 - __main__ - INFO - Weather temp in Dublin: 11.64
2023-04-02 16:41:47,303 - __main__ - INFO - Weather description in Dublin: broken clouds
2023-04-02 16:42:07,908 - __main__ - INFO - Token value: 
2023-04-02 16:42:09,350 - __main__ - INFO - Weather temp in Dublin: 11.64
2023-04-02 16:42:09,350 - __main__ - INFO - Weather description in Dublin: broken clouds
2023-04-02 16:42:30,612 - __main__ - INFO - Token value: 
2023-04-02 16:42:32,474 - __main__ - INFO - Weather temp in Dublin: 11.64
2023-04-02 16:42:32,474 - __main__ - INFO - Weather description in Dublin: broken clouds
